<?xml version="1.0" encoding="UTF-8"?>
<testng-results ignored="0" total="4" passed="3" failed="1" skipped="0">
  <reporter-output>
  </reporter-output>
  <suite started-at="2025-01-01T19:46:51 IST" name="Default suite" finished-at="2025-01-01T19:48:02 IST" duration-ms="70337">
    <groups>
    </groups>
    <test started-at="2025-01-01T19:46:51 IST" name="Default test" finished-at="2025-01-01T19:48:02 IST" duration-ms="70337">
      <class name="Day14_TestNG.ValidationTestNG">
        <test-method signature="ActiTime()[pri:0, instance:Day14_TestNG.ValidationTestNG@47d9a273]" started-at="2025-01-01T19:46:51 IST" name="ActiTime" finished-at="2025-01-01T19:47:10 IST" duration-ms="18164" status="PASS">
          <reporter-output>
          </reporter-output>
        </test-method> <!-- ActiTime -->
        <test-method signature="ActiTimeLogin()[pri:0, instance:Day14_TestNG.ValidationTestNG@47d9a273]" started-at="2025-01-01T19:47:10 IST" name="ActiTimeLogin" finished-at="2025-01-01T19:47:32 IST" duration-ms="22551" status="FAIL">
          <exception class="java.lang.AssertionError">
            <message>
              <![CDATA[Login failed, either title changes or invalid password entered expected [actiTIME - Enter Time-Track] but found [actiTIME - Login]]]>
            </message>
            <full-stacktrace>
              <![CDATA[java.lang.AssertionError: Login failed, either title changes or invalid password entered expected [actiTIME - Enter Time-Track] but found [actiTIME - Login]
at org.testng.Assert.fail(Assert.java:111)
at org.testng.Assert.failNotEquals(Assert.java:1578)
at org.testng.Assert.assertEqualsImpl(Assert.java:150)
at org.testng.Assert.assertEquals(Assert.java:132)
at org.testng.Assert.assertEquals(Assert.java:656)
at Day14_TestNG.ValidationTestNG.ActiTimeLogin(ValidationTestNG.java:35)
at java.base/jdk.internal.reflect.NativeMethodAccessorImpl.invoke0(Native Method)
at java.base/jdk.internal.reflect.NativeMethodAccessorImpl.invoke(NativeMethodAccessorImpl.java:77)
at java.base/jdk.internal.reflect.DelegatingMethodAccessorImpl.invoke(DelegatingMethodAccessorImpl.java:43)
at java.base/java.lang.reflect.Method.invoke(Method.java:568)
at org.testng.internal.invokers.MethodInvocationHelper.invokeMethod(MethodInvocationHelper.java:139)
at org.testng.internal.invokers.TestInvoker.invokeMethod(TestInvoker.java:664)
at org.testng.internal.invokers.TestInvoker.invokeTestMethod(TestInvoker.java:227)
at org.testng.internal.invokers.MethodRunner.runInSequence(MethodRunner.java:50)
at org.testng.internal.invokers.TestInvoker$MethodInvocationAgent.invoke(TestInvoker.java:957)
at org.testng.internal.invokers.TestInvoker.invokeTestMethods(TestInvoker.java:200)
at org.testng.internal.invokers.TestMethodWorker.invokeTestMethods(TestMethodWorker.java:148)
at org.testng.internal.invokers.TestMethodWorker.run(TestMethodWorker.java:128)
at java.base/java.util.ArrayList.forEach(ArrayList.java:1511)
at org.testng.TestRunner.privateRun(TestRunner.java:848)
at org.testng.TestRunner.run(TestRunner.java:621)
at org.testng.SuiteRunner.runTest(SuiteRunner.java:443)
at org.testng.SuiteRunner.runSequentially(SuiteRunner.java:437)
at org.testng.SuiteRunner.privateRun(SuiteRunner.java:397)
at org.testng.SuiteRunner.run(SuiteRunner.java:336)
at org.testng.SuiteRunnerWorker.runSuite(SuiteRunnerWorker.java:52)
at org.testng.SuiteRunnerWorker.run(SuiteRunnerWorker.java:95)
at org.testng.TestNG.runSuitesSequentially(TestNG.java:1280)
at org.testng.TestNG.runSuitesLocally(TestNG.java:1200)
at org.testng.TestNG.runSuites(TestNG.java:1114)
at org.testng.TestNG.run(TestNG.java:1082)
at org.testng.remote.AbstractRemoteTestNG.run(AbstractRemoteTestNG.java:115)
at org.testng.remote.RemoteTestNG.initAndRun(RemoteTestNG.java:293)
at org.testng.remote.RemoteTestNG.main(RemoteTestNG.java:91)
]]>
            </full-stacktrace>
          </exception> <!-- java.lang.AssertionError -->
          <reporter-output>
          </reporter-output>
        </test-method> <!-- ActiTimeLogin -->
        <test-method signature="testOrangeHRMUsernameField()[pri:2, instance:Day14_TestNG.ValidationTestNG@47d9a273]" started-at="2025-01-01T19:47:32 IST" name="testOrangeHRMUsernameField" finished-at="2025-01-01T19:47:45 IST" duration-ms="13136" status="PASS">
          <reporter-output>
          </reporter-output>
        </test-method> <!-- testOrangeHRMUsernameField -->
        <test-method signature="testOrangeHRMLoginWithAssert2()[pri:3, instance:Day14_TestNG.ValidationTestNG@47d9a273]" started-at="2025-01-01T19:47:45 IST" name="testOrangeHRMLoginWithAssert2" finished-at="2025-01-01T19:48:02 IST" duration-ms="16431" status="PASS">
          <reporter-output>
          </reporter-output>
        </test-method> <!-- testOrangeHRMLoginWithAssert2 -->
      </class> <!-- Day14_TestNG.ValidationTestNG -->
    </test> <!-- Default test -->
  </suite> <!-- Default suite -->
</testng-results>
